This is XeTeX, Version 3.1415926-2.5-0.9999.3 (TeX Live 2013/Arch Linux) (format=xelatex 2013.9.11)  3 DEC 2013 17:01
entering extended mode
 restricted \write18 enabled.
 %&-line parsing enabled.
**TrabalhoEscrito.php
(/usr/share/texmf-dist/tex/latex/tools/x.tex
LaTeX2e <2011/06/27>
Babel <3.9f> and hyphenation patterns for 78 languages loaded.

! .
l.34   \batchmode \errmessage{}
                               \csname @@end\endcsname \end
This error message was generated by an \errmessage
command, so I can't give any explicit help.
Pretend that you're Hercule Poirot: Examine all clues,
and deduce the truth by order and method.

 ) 
Here is how much of TeX's memory you used:
 7 strings out of 493934
 149 string characters out of 6153883
 51973 words of memory out of 5000000
 3412 multiletter control sequences out of 15000+600000
 3640 words of font info for 14 fonts, out of 8000000 for 9000
 1144 hyphenation exceptions out of 8191
 5i,0n,1p,99b,8s stack positions out of 5000i,500n,10000p,200000b,80000s

No pages of output.
